<?xml version="1.0" encoding="UTF-8"?>
<!-- Generated by org.testng.reporters.JUnitXMLReporter -->
<testsuite hostname="Neel-PC" name="TestCase C1" tests="4" failures="0" timestamp="11 Nov 2015 07:00:40 GMT" time="0.05" errors="0">
  <testcase name="@BeforeTest checkTestSkip" time="0.0" classname="com.selenium.suiteC.TestCase_C1">
    <skipped/>
  </testcase> <!-- @BeforeTest checkTestSkip -->
  <testcase name="testCaseC1" time="0.0" classname="com.selenium.suiteC.TestCase_C1">
    <skipped/>
  </testcase> <!-- testCaseC1 -->
  <testcase name="testCaseC1" time="0.0" classname="com.selenium.suiteC.TestCase_C1">
    <skipped/>
  </testcase> <!-- testCaseC1 -->
  <testcase name="testCaseC1" time="0.001" classname="com.selenium.suiteC.TestCase_C1">
    <skipped/>
  </testcase> <!-- testCaseC1 -->
  <testcase name="testCaseC1" time="0.0" classname="com.selenium.suiteC.TestCase_C1">
    <skipped/>
  </testcase> <!-- testCaseC1 -->
</testsuite> <!-- TestCase C1 -->
