<?xml version="1.0" encoding="UTF-8"?>
<!-- Generated by org.testng.reporters.JUnitXMLReporter -->
<testsuite hostname="Neel-PC" name="TestCase C2" tests="1" failures="0" timestamp="11 Nov 2015 07:00:40 GMT" time="0.005" errors="0">
  <testcase name="@BeforeSuite checkSuiteSkip" time="0.0" classname="com.selenium.suiteC.TestCase_C2">
    <skipped/>
  </testcase> <!-- @BeforeSuite checkSuiteSkip -->
  <testcase name="@BeforeTest checkTestSkip" time="0.0" classname="com.selenium.suiteC.TestCase_C2">
    <skipped/>
  </testcase> <!-- @BeforeTest checkTestSkip -->
  <testcase name="testCaseC2" time="0.001" classname="com.selenium.suiteC.TestCase_C2">
    <skipped/>
  </testcase> <!-- testCaseC2 -->
</testsuite> <!-- TestCase C2 -->
