<?xml version="1.0" encoding="UTF-8"?>
<!-- Generated by org.testng.reporters.JUnitXMLReporter -->
<testsuite hostname="Neel-PC" name="TestCase A2" tests="2" failures="0" timestamp="11 Nov 2015 07:00:40 GMT" time="0.04" errors="0">
  <testcase name="@BeforeTest checkTestSkip" time="0.0" classname="com.selenium.suiteA.TestCase_A2">
    <skipped/>
  </testcase> <!-- @BeforeTest checkTestSkip -->
  <testcase name="testCaseA2" time="0.0" classname="com.selenium.suiteA.TestCase_A2">
    <skipped/>
  </testcase> <!-- testCaseA2 -->
  <testcase name="testCaseA2" time="0.004" classname="com.selenium.suiteA.TestCase_A2">
    <skipped/>
  </testcase> <!-- testCaseA2 -->
</testsuite> <!-- TestCase A2 -->
