<?xml version="1.0" encoding="UTF-8"?>
<!-- Generated by org.testng.reporters.JUnitXMLReporter -->
<testsuite hostname="Neel-PC" name="TestCase B1" tests="4" failures="3" timestamp="11 Nov 2015 07:00:40 GMT" time="0.029" errors="0">
  <testcase name="testCaseB1" time="0.001" classname="com.selenium.suiteB.TestCase_B1"/>
  <testcase name="testCaseB1" time="0.001" classname="com.selenium.suiteB.TestCase_B1">
    <failure type="java.lang.ArrayIndexOutOfBoundsException" message="1">
      <![CDATA[java.lang.ArrayIndexOutOfBoundsException: 1
	at com.selenium.suiteB.TestCase_B1.testCaseB1(TestCase_B1.java:45)
... Removed 24 stack frames]]>
    </failure>
  </testcase> <!-- testCaseB1 -->
  <testcase name="testCaseB1" time="0.002" classname="com.selenium.suiteB.TestCase_B1">
    <failure type="java.lang.ArrayIndexOutOfBoundsException" message="2">
      <![CDATA[java.lang.ArrayIndexOutOfBoundsException: 2
	at com.selenium.suiteB.TestCase_B1.testCaseB1(TestCase_B1.java:45)
... Removed 24 stack frames]]>
    </failure>
  </testcase> <!-- testCaseB1 -->
  <testcase name="testCaseB1" time="0.001" classname="com.selenium.suiteB.TestCase_B1">
    <failure type="java.lang.ArrayIndexOutOfBoundsException" message="3">
      <![CDATA[java.lang.ArrayIndexOutOfBoundsException: 3
	at com.selenium.suiteB.TestCase_B1.testCaseB1(TestCase_B1.java:45)
... Removed 24 stack frames]]>
    </failure>
  </testcase> <!-- testCaseB1 -->
</testsuite> <!-- TestCase B1 -->
